# JRE version: OpenJDK Runtime Environment (8.0_252-b09) (build 1.8.0_252-8u252-b09-1~deb9u1-b09)
# Java VM: OpenJDK Client VM (25.252-b09 mixed mode linux-aarch32 )
Heap:
 def new generation   total 24256K, used 972K [0x64600000, 0x66050000, 0x69350000)
  eden space 21568K,   4% used [0x64600000, 0x646f32a8, 0x65b10000)
  from space 2688K,   0% used [0x65b10000, 0x65b10000, 0x65db0000)
  to   space 2688K,   0% used [0x65db0000, 0x65db0000, 0x66050000)
 tenured generation   total 53812K, used 32286K [0x69350000, 0x6c7dd000, 0x72e00000)
   the space 53812K,  59% used [0x69350000, 0x6b2d7ab8, 0x6b2d7c00, 0x6c7dd000)
 Metaspace       used 24398K, capacity 25179K, committed 25240K, reserved 25904K
GC Heap History (10 events):
Event: 109.261 GC heap before
{Heap before GC invocations=47 (full 3):
 def new generation   total 17792K, used 16938K [0x64600000, 0x65940000, 0x69350000)
  eden space 15872K, 100% used [0x64600000, 0x65580000, 0x65580000)
  from space 1920K,  55% used [0x65760000, 0x6586aa28, 0x65940000)
  to   space 1920K,   0% used [0x65580000, 0x65580000, 0x65760000)
 tenured generation   total 39388K, used 35322K [0x69350000, 0x6b9c7000, 0x72e00000)
   the space 39388K,  89% used [0x69350000, 0x6b5ce8c8, 0x6b5cea00, 0x6b9c7000)
 Metaspace       used 20157K, capacity 20870K, committed 21016K, reserved 21808K
Event: 109.316 GC heap after
Heap after GC invocations=48 (full 3):
 def new generation   total 17792K, used 1891K [0x64600000, 0x65940000, 0x69350000)
  eden space 15872K,   0% used [0x64600000, 0x64600000, 0x65580000)
  from space 1920K,  98% used [0x65580000, 0x65758f70, 0x65760000)
  to   space 1920K,   0% used [0x65760000, 0x65760000, 0x65940000)
 tenured generation   total 39388K, used 35646K [0x69350000, 0x6b9c7000, 0x72e00000)
   the space 39388K,  90% used [0x69350000, 0x6b61f928, 0x6b61fa00, 0x6b9c7000)
 Metaspace       used 20157K, capacity 20870K, committed 21016K, reserved 21808K
}
Event: 136.483 GC heap before
{Heap before GC invocations=48 (full 3):
 def new generation   total 17792K, used 17763K [0x64600000, 0x65940000, 0x69350000)
  eden space 15872K, 100% used [0x64600000, 0x65580000, 0x65580000)
  from space 1920K,  98% used [0x65580000, 0x65758f70, 0x65760000)
  to   space 1920K,   0% used [0x65760000, 0x65760000, 0x65940000)
 tenured generation   total 39388K, used 35646K [0x69350000, 0x6b9c7000, 0x72e00000)
   the space 39388K,  90% used [0x69350000, 0x6b61f928, 0x6b61fa00, 0x6b9c7000)
 Metaspace       used 21486K, capacity 22187K, committed 22296K, reserved 22832K
Event: 136.515 GC heap after
Heap after GC invocations=49 (full 3):
 def new generation   total 17792K, used 1033K [0x64600000, 0x65940000, 0x69350000)
  eden space 15872K,   0% used [0x64600000, 0x64600000, 0x65580000)
  from space 1920K,  53% used [0x65760000, 0x658625a0, 0x65940000)
  to   space 1920K,   0% used [0x65580000, 0x65580000, 0x65760000)
 tenured generation   total 39388K, used 36693K [0x69350000, 0x6b9c7000, 0x72e00000)
   the space 39388K,  93% used [0x69350000, 0x6b725498, 0x6b725600, 0x6b9c7000)
 Metaspace       used 21486K, capacity 22187K, committed 22296K, reserved 22832K
}
Event: 159.218 GC heap before
{Heap before GC invocations=49 (full 3):
 def new generation   total 17792K, used 16905K [0x64600000, 0x65940000, 0x69350000)
  eden space 15872K, 100% used [0x64600000, 0x65580000, 0x65580000)
  from space 1920K,  53% used [0x65760000, 0x658625a0, 0x65940000)
  to   space 1920K,   0% used [0x65580000, 0x65580000, 0x65760000)
 tenured generation   total 39388K, used 36693K [0x69350000, 0x6b9c7000, 0x72e00000)
   the space 39388K,  93% used [0x69350000, 0x6b725498, 0x6b725600, 0x6b9c7000)
 Metaspace       used 22818K, capacity 23538K, committed 23704K, reserved 23856K
Event: 159.242 GC heap after
Heap after GC invocations=50 (full 3):
 def new generation   total 17792K, used 994K [0x64600000, 0x65940000, 0x69350000)
  eden space 15872K,   0% used [0x64600000, 0x64600000, 0x65580000)
  from space 1920K,  51% used [0x65580000, 0x65678968, 0x65760000)
  to   space 1920K,   0% used [0x65760000, 0x65760000, 0x65940000)
 tenured generation   total 39388K, used 36861K [0x69350000, 0x6b9c7000, 0x72e00000)
   the space 39388K,  93% used [0x69350000, 0x6b74f798, 0x6b74f800, 0x6b9c7000)
 Metaspace       used 22818K, capacity 23538K, committed 23704K, reserved 23856K
}
Event: 175.787 GC heap before
{Heap before GC invocations=50 (full 3):
 def new generation   total 17792K, used 16866K [0x64600000, 0x65940000, 0x69350000)
  eden space 15872K, 100% used [0x64600000, 0x65580000, 0x65580000)
  from space 1920K,  51% used [0x65580000, 0x65678968, 0x65760000)
  to   space 1920K,   0% used [0x65760000, 0x65760000, 0x65940000)
 tenured generation   total 39388K, used 36861K [0x69350000, 0x6b9c7000, 0x72e00000)
   the space 39388K,  93% used [0x69350000, 0x6b74f798, 0x6b74f800, 0x6b9c7000)
 Metaspace       used 23847K, capacity 24644K, committed 24728K, reserved 24880K
Event: 175.823 GC heap after
Heap after GC invocations=51 (full 3):
 def new generation   total 17792K, used 963K [0x64600000, 0x65940000, 0x69350000)
  eden space 15872K,   0% used [0x64600000, 0x64600000, 0x65580000)
  from space 1920K,  50% used [0x65760000, 0x65850f50, 0x65940000)
  to   space 1920K,   0% used [0x65580000, 0x65580000, 0x65760000)
 tenured generation   total 39388K, used 37076K [0x69350000, 0x6b9c7000, 0x72e00000)
   the space 39388K,  94% used [0x69350000, 0x6b7851b8, 0x6b785200, 0x6b9c7000)
 Metaspace       used 23847K, capacity 24644K, committed 24728K, reserved 24880K
}
Event: 200.895 GC heap before
{Heap before GC invocations=51 (full 3):
 def new generation   total 17792K, used 12563K [0x64600000, 0x65940000, 0x69350000)
  eden space 15872K,  73% used [0x64600000, 0x65153fe8, 0x65580000)
  from space 1920K,  50% used [0x65760000, 0x65850f50, 0x65940000)
  to   space 1920K,   0% used [0x65580000, 0x65580000, 0x65760000)
 tenured generation   total 39388K, used 37076K [0x69350000, 0x6b9c7000, 0x72e00000)
   the space 39388K,  94% used [0x69350000, 0x6b7851b8, 0x6b785200, 0x6b9c7000)
 Metaspace       used 24400K, capacity 25191K, committed 25240K, reserved 25904K
Event: 201.503 GC heap after
Heap after GC invocations=52 (full 4):
 def new generation   total 24256K, used 0K [0x64600000, 0x66050000, 0x69350000)
  eden space 21568K,   0% used [0x64600000, 0x64600000, 0x65b10000)
  from space 2688K,   0% used [0x65b10000, 0x65b10000, 0x65db0000)
  to   space 2688K,   0% used [0x65db0000, 0x65db0000, 0x66050000)
 tenured generation   total 53812K, used 32286K [0x69350000, 0x6c7dd000, 0x72e00000)
   the space 53812K,  59% used [0x69350000, 0x6b2d7ab8, 0x6b2d7c00, 0x6c7dd000)
 Metaspace       used 24396K, capacity 25179K, committed 25240K, reserved 25904K
}

