# JRE version: OpenJDK Runtime Environment (8.0_252-b09) (build 1.8.0_252-8u252-b09-1~deb9u1-b09)
# Java VM: OpenJDK Client VM (25.252-b09 mixed mode linux-aarch32 )
Heap:
 def new generation   total 24192K, used 9252K [0x64400000, 0x65e40000, 0x69150000)
  eden space 21504K,  43% used [0x64400000, 0x64d089b8, 0x65900000)
  from space 2688K,   0% used [0x65900000, 0x65900918, 0x65ba0000)
  to   space 2688K,   0% used [0x65ba0000, 0x65ba0000, 0x65e40000)
 tenured generation   total 53640K, used 33950K [0x69150000, 0x6c5b2000, 0x72c00000)
   the space 53640K,  63% used [0x69150000, 0x6b277ab0, 0x6b277c00, 0x6c5b2000)
 Metaspace       used 25076K, capacity 25739K, committed 25880K, reserved 25904K
GC Heap History (10 events):
Event: 88213.897 GC heap before
{Heap before GC invocations=27676 (full 4):
 def new generation   total 24192K, used 21505K [0x64400000, 0x65e40000, 0x69150000)
  eden space 21504K, 100% used [0x64400000, 0x65900000, 0x65900000)
  from space 2688K,   0% used [0x65ba0000, 0x65ba0690, 0x65e40000)
  to   space 2688K,   0% used [0x65900000, 0x65900000, 0x65ba0000)
 tenured generation   total 53640K, used 33950K [0x69150000, 0x6c5b2000, 0x72c00000)
   the space 53640K,  63% used [0x69150000, 0x6b277ab0, 0x6b277c00, 0x6c5b2000)
 Metaspace       used 25076K, capacity 25739K, committed 25880K, reserved 25904K
Event: 88213.903 GC heap after
Heap after GC invocations=27677 (full 4):
 def new generation   total 24192K, used 2K [0x64400000, 0x65e40000, 0x69150000)
  eden space 21504K,   0% used [0x64400000, 0x64400000, 0x65900000)
  from space 2688K,   0% used [0x65900000, 0x65900a30, 0x65ba0000)
  to   space 2688K,   0% used [0x65ba0000, 0x65ba0000, 0x65e40000)
 tenured generation   total 53640K, used 33950K [0x69150000, 0x6c5b2000, 0x72c00000)
   the space 53640K,  63% used [0x69150000, 0x6b277ab0, 0x6b277c00, 0x6c5b2000)
 Metaspace       used 25076K, capacity 25739K, committed 25880K, reserved 25904K
}
Event: 88216.986 GC heap before
{Heap before GC invocations=27677 (full 4):
 def new generation   total 24192K, used 21506K [0x64400000, 0x65e40000, 0x69150000)
  eden space 21504K, 100% used [0x64400000, 0x65900000, 0x65900000)
  from space 2688K,   0% used [0x65900000, 0x65900a30, 0x65ba0000)
  to   space 2688K,   0% used [0x65ba0000, 0x65ba0000, 0x65e40000)
 tenured generation   total 53640K, used 33950K [0x69150000, 0x6c5b2000, 0x72c00000)
   the space 53640K,  63% used [0x69150000, 0x6b277ab0, 0x6b277c00, 0x6c5b2000)
 Metaspace       used 25076K, capacity 25739K, committed 25880K, reserved 25904K
Event: 88216.993 GC heap after
Heap after GC invocations=27678 (full 4):
 def new generation   total 24192K, used 2K [0x64400000, 0x65e40000, 0x69150000)
  eden space 21504K,   0% used [0x64400000, 0x64400000, 0x65900000)
  from space 2688K,   0% used [0x65ba0000, 0x65ba09b0, 0x65e40000)
  to   space 2688K,   0% used [0x65900000, 0x65900000, 0x65ba0000)
 tenured generation   total 53640K, used 33950K [0x69150000, 0x6c5b2000, 0x72c00000)
   the space 53640K,  63% used [0x69150000, 0x6b277ab0, 0x6b277c00, 0x6c5b2000)
 Metaspace       used 25076K, capacity 25739K, committed 25880K, reserved 25904K
}
Event: 88220.035 GC heap before
{Heap before GC invocations=27678 (full 4):
 def new generation   total 24192K, used 21506K [0x64400000, 0x65e40000, 0x69150000)
  eden space 21504K, 100% used [0x64400000, 0x65900000, 0x65900000)
  from space 2688K,   0% used [0x65ba0000, 0x65ba09b0, 0x65e40000)
  to   space 2688K,   0% used [0x65900000, 0x65900000, 0x65ba0000)
 tenured generation   total 53640K, used 33950K [0x69150000, 0x6c5b2000, 0x72c00000)
   the space 53640K,  63% used [0x69150000, 0x6b277ab0, 0x6b277c00, 0x6c5b2000)
 Metaspace       used 25076K, capacity 25739K, committed 25880K, reserved 25904K
Event: 88220.041 GC heap after
Heap after GC invocations=27679 (full 4):
 def new generation   total 24192K, used 4K [0x64400000, 0x65e40000, 0x69150000)
  eden space 21504K,   0% used [0x64400000, 0x64400000, 0x65900000)
  from space 2688K,   0% used [0x65900000, 0x65901158, 0x65ba0000)
  to   space 2688K,   0% used [0x65ba0000, 0x65ba0000, 0x65e40000)
 tenured generation   total 53640K, used 33950K [0x69150000, 0x6c5b2000, 0x72c00000)
   the space 53640K,  63% used [0x69150000, 0x6b277ab0, 0x6b277c00, 0x6c5b2000)
 Metaspace       used 25076K, capacity 25739K, committed 25880K, reserved 25904K
}
Event: 88223.085 GC heap before
{Heap before GC invocations=27679 (full 4):
 def new generation   total 24192K, used 21508K [0x64400000, 0x65e40000, 0x69150000)
  eden space 21504K, 100% used [0x64400000, 0x65900000, 0x65900000)
  from space 2688K,   0% used [0x65900000, 0x65901158, 0x65ba0000)
  to   space 2688K,   0% used [0x65ba0000, 0x65ba0000, 0x65e40000)
 tenured generation   total 53640K, used 33950K [0x69150000, 0x6c5b2000, 0x72c00000)
   the space 53640K,  63% used [0x69150000, 0x6b277ab0, 0x6b277c00, 0x6c5b2000)
 Metaspace       used 25076K, capacity 25739K, committed 25880K, reserved 25904K
Event: 88223.094 GC heap after
Heap after GC invocations=27680 (full 4):
 def new generation   total 24192K, used 1K [0x64400000, 0x65e40000, 0x69150000)
  eden space 21504K,   0% used [0x64400000, 0x64400000, 0x65900000)
  from space 2688K,   0% used [0x65ba0000, 0x65ba07b8, 0x65e40000)
  to   space 2688K,   0% used [0x65900000, 0x65900000, 0x65ba0000)
 tenured generation   total 53640K, used 33950K [0x69150000, 0x6c5b2000, 0x72c00000)
   the space 53640K,  63% used [0x69150000, 0x6b277ab0, 0x6b277c00, 0x6c5b2000)
 Metaspace       used 25076K, capacity 25739K, committed 25880K, reserved 25904K
}
Event: 88226.102 GC heap before
{Heap before GC invocations=27680 (full 4):
 def new generation   total 24192K, used 21505K [0x64400000, 0x65e40000, 0x69150000)
  eden space 21504K, 100% used [0x64400000, 0x65900000, 0x65900000)
  from space 2688K,   0% used [0x65ba0000, 0x65ba07b8, 0x65e40000)
  to   space 2688K,   0% used [0x65900000, 0x65900000, 0x65ba0000)
 tenured generation   total 53640K, used 33950K [0x69150000, 0x6c5b2000, 0x72c00000)
   the space 53640K,  63% used [0x69150000, 0x6b277ab0, 0x6b277c00, 0x6c5b2000)
 Metaspace       used 25076K, capacity 25739K, committed 25880K, reserved 25904K
Event: 88226.108 GC heap after
Heap after GC invocations=27681 (full 4):
 def new generation   total 24192K, used 2K [0x64400000, 0x65e40000, 0x69150000)
  eden space 21504K,   0% used [0x64400000, 0x64400000, 0x65900000)
  from space 2688K,   0% used [0x65900000, 0x65900918, 0x65ba0000)
  to   space 2688K,   0% used [0x65ba0000, 0x65ba0000, 0x65e40000)
 tenured generation   total 53640K, used 33950K [0x69150000, 0x6c5b2000, 0x72c00000)
   the space 53640K,  63% used [0x69150000, 0x6b277ab0, 0x6b277c00, 0x6c5b2000)
 Metaspace       used 25076K, capacity 25739K, committed 25880K, reserved 25904K
}

